Vivado Simulator 2020.2
Time resolution is 1 ps
instructiune=xx
RS1_EX=xx
alu OUT=xxxxxxxx
instructiune=00
RS1_EX=00
alu OUT=00000000
instructiune=00
RS1_EX=00
alu OUT=00000000
instructiune=01
RS1_EX=00
alu OUT=00000000
instructiune=01
RS1_EX=00
alu OUT=00000000
instructiune=01
RS1_EX=01
alu OUT=xxxxxxxx
instructiune=01
RS1_EX=01
alu OUT=xxxxxxxx
instructiune=01
RS1_EX=01
alu OUT=00000001
instructiune=01
RS1_EX=01
alu OUT=00000001
instructiune=01
RS1_EX=01
alu OUT=00000001
instructiune=01
RS1_EX=01
alu OUT=00000001
instructiune=01
RS1_EX=01
alu OUT=00000001
instructiune=01
RS1_EX=01
alu OUT=00000001
instructiune=01
RS1_EX=01
alu OUT=00000002
instructiune=01
RS1_EX=01
alu OUT=00000002
instructiune=01
RS1_EX=01
alu OUT=00000002
instructiune=01
RS1_EX=01
alu OUT=00000002
instructiune=01
RS1_EX=01
alu OUT=00000003
instructiune=01
RS1_EX=01
alu OUT=00000003
instructiune=01
RS1_EX=01
alu OUT=00000003
instructiune=01
RS1_EX=01
alu OUT=00000003
instructiune=01
RS1_EX=01
alu OUT=00000001
instructiune=01
RS1_EX=01
alu OUT=00000001
instructiune=01
RS1_EX=01
alu OUT=00000001
instructiune=01
RS1_EX=01
alu OUT=00000001
instructiune=01
RS1_EX=01
alu OUT=00000001
instructiune=01
RS1_EX=01
alu OUT=00000001
instructiune=01
RS1_EX=01
alu OUT=00000001
instructiune=01
RS1_EX=01
alu OUT=00000001
instructiune=01
RS1_EX=01
alu OUT=00000001
instructiune=01
RS1_EX=01
alu OUT=00000001
instructiune=01
RS1_EX=01
alu OUT=00000001
instructiune=01
RS1_EX=01
alu OUT=00000001
instructiune=01
RS1_EX=01
alu OUT=00000001
instructiune=01
RS1_EX=01
alu OUT=00000001
instructiune=05
RS1_EX=01
alu OUT=00000001
instructiune=05
RS1_EX=01
alu OUT=00000001
instructiune=05
RS1_EX=05
alu OUT=00000009
instructiune=05
RS1_EX=05
alu OUT=00000009
instructiune=05
RS1_EX=05
alu OUT=00000009
instructiune=05
RS1_EX=05
alu OUT=00000009
instructiune=05
RS1_EX=05
alu OUT=00000009
instructiune=05
RS1_EX=05
alu OUT=00000009
instructiune=00
RS1_EX=05
alu OUT=00000009
instructiune=00
RS1_EX=05
alu OUT=00000009
instructiune=00
RS1_EX=00
alu OUT=00000008
instructiune=00
RS1_EX=00
alu OUT=00000008
instructiune=00
RS1_EX=00
alu OUT=00000008
instructiune=00
RS1_EX=00
alu OUT=00000008
instructiune=00
RS1_EX=00
alu OUT=00000008
instructiune=00
RS1_EX=00
alu OUT=00000008
instructiune=12
RS1_EX=00
alu OUT=00000008
instructiune=12
RS1_EX=00
alu OUT=00000008
instructiune=12
RS1_EX=12
alu OUT=00000012
instructiune=12
RS1_EX=12
alu OUT=00000012
instructiune=12
RS1_EX=12
alu OUT=00000012
instructiune=12
RS1_EX=12
alu OUT=00000012
instructiune=12
RS1_EX=12
alu OUT=00000012
instructiune=12
RS1_EX=12
alu OUT=00000012
instructiune=xx
RS1_EX=12
alu OUT=00000012
instructiune=xx
RS1_EX=12
alu OUT=00000012
instructiune=xx
RS1_EX=xx
alu OUT=xxxxxxxx
instructiune=xx
RS1_EX=xx
alu OUT=xxxxxxxx
instructiune=xx
RS1_EX=xx
alu OUT=xxxxxxxx
instructiune=xx
RS1_EX=xx
alu OUT=xxxxxxxx
instructiune=xx
RS1_EX=xx
alu OUT=xxxxxxxx
instructiune=xx
RS1_EX=xx
alu OUT=xxxxxxxx
instructiune=xx
RS1_EX=xx
alu OUT=xxxxxxxx
instructiune=xx
RS1_EX=xx
alu OUT=xxxxxxxx
instructiune=xx
RS1_EX=xx
alu OUT=xxxxxxxx
instructiune=xx
RS1_EX=xx
alu OUT=xxxxxxxx
instructiune=xx
RS1_EX=xx
alu OUT=xxxxxxxx
instructiune=xx
RS1_EX=xx
alu OUT=xxxxxxxx
instructiune=xx
RS1_EX=xx
alu OUT=xxxxxxxx
instructiune=xx
RS1_EX=xx
alu OUT=xxxxxxxx
instructiune=xx
RS1_EX=xx
alu OUT=xxxxxxxx
instructiune=xx
RS1_EX=xx
alu OUT=xxxxxxxx
instructiune=xx
RS1_EX=xx
alu OUT=xxxxxxxx
instructiune=xx
RS1_EX=xx
alu OUT=xxxxxxxx
instructiune=xx
RS1_EX=xx
alu OUT=xxxxxxxx
instructiune=xx
RS1_EX=xx
alu OUT=xxxxxxxx
$finish called at time : 410 ns : File "D:/Calculatoare numerice/RISC_V_final/RISC_V_final.srcs/sim_1/new/risc_v_tb.v" Line 48
